[debug] [2025-11-18T21:04:20.222Z] ----------------------------------------------------------------------
[debug] [2025-11-18T21:04:20.225Z] Command:       C:\Program Files\nodejs\node.exe C:\Users\welli\AppData\Roaming\npm\node_modules\firebase-tools\lib\bin\firebase.js emulators:start --only functions
[debug] [2025-11-18T21:04:20.225Z] CLI Version:   14.25.0
[debug] [2025-11-18T21:04:20.225Z] Platform:      win32
[debug] [2025-11-18T21:04:20.226Z] Node Version:  v22.14.0
[debug] [2025-11-18T21:04:20.226Z] Time:          Tue Nov 18 2025 18:04:20 GMT-0300 (Horário Padrão de Brasília)
[debug] [2025-11-18T21:04:20.226Z] ----------------------------------------------------------------------
[debug] 
[debug] [2025-11-18T21:04:20.556Z] > command requires scopes: ["email","openid","https://www.googleapis.com/auth/cloudplatformprojects.readonly","https://www.googleapis.com/auth/firebase","https://www.googleapis.com/auth/cloud-platform"]
[debug] [2025-11-18T21:04:20.557Z] > authorizing via signed-in user (wellingtonjoji1999@gmail.com)
[info] i  emulators: Starting emulators: functions {"metadata":{"emulator":{"name":"hub"},"message":"Starting emulators: functions"}}
[debug] [2025-11-18T21:04:20.568Z] [logging] Logging Emulator only supports listening on one address (127.0.0.1). Not listening on ::1
[debug] [2025-11-18T21:04:20.568Z] assigned listening specs for emulators {"user":{"hub":[{"address":"127.0.0.1","family":"IPv4","port":4400},{"address":"::1","family":"IPv6","port":4400}],"ui":[{"address":"127.0.0.1","family":"IPv4","port":4000},{"address":"::1","family":"IPv6","port":4000}],"logging":[{"address":"127.0.0.1","family":"IPv4","port":4500}]},"metadata":{"message":"assigned listening specs for emulators"}}
[debug] [2025-11-18T21:04:20.575Z] Emulator locator file path: C:\Users\welli\AppData\Local\Temp\hub-e-commerce-treinamento.json
[debug] [2025-11-18T21:04:20.575Z] [hub] writing locator at C:\Users\welli\AppData\Local\Temp\hub-e-commerce-treinamento.json
[debug] [2025-11-18T21:04:20.597Z] [functions] Functions Emulator only supports listening on one address (127.0.0.1). Not listening on ::1
[debug] [2025-11-18T21:04:20.597Z] [eventarc] Eventarc Emulator only supports listening on one address (127.0.0.1). Not listening on ::1
[debug] [2025-11-18T21:04:20.597Z] [tasks] Cloud Tasks Emulator only supports listening on one address (127.0.0.1). Not listening on ::1
[debug] [2025-11-18T21:04:20.597Z] late-assigned ports for functions and eventarc emulators {"user":{"hub":[{"address":"127.0.0.1","family":"IPv4","port":4400},{"address":"::1","family":"IPv6","port":4400}],"ui":[{"address":"127.0.0.1","family":"IPv4","port":4000},{"address":"::1","family":"IPv6","port":4000}],"logging":[{"address":"127.0.0.1","family":"IPv4","port":4500}],"functions":[{"address":"127.0.0.1","family":"IPv4","port":5001}],"eventarc":[{"address":"127.0.0.1","family":"IPv4","port":9299}],"tasks":[{"address":"127.0.0.1","family":"IPv4","port":9499}]},"metadata":{"message":"late-assigned ports for functions and eventarc emulators"}}
[warn] !  functions: The following emulators are not running, calls to these services from the Functions emulator will affect production: apphosting, auth, firestore, database, hosting, pubsub, storage, dataconnect {"metadata":{"emulator":{"name":"functions"},"message":"The following emulators are not running, calls to these services from the Functions emulator will affect production: \u001b[1mapphosting, auth, firestore, database, hosting, pubsub, storage, dataconnect\u001b[22m"}}
[debug] [2025-11-18T21:04:20.628Z] defaultcredentials: writing to file C:\Users\welli\AppData\Roaming\firebase\wellingtonjoji1999_gmail_com_application_default_credentials.json
[debug] [2025-11-18T21:04:20.630Z] Setting GAC to C:\Users\welli\AppData\Roaming\firebase\wellingtonjoji1999_gmail_com_application_default_credentials.json {"metadata":{"emulator":{"name":"functions"},"message":"Setting GAC to C:\\Users\\welli\\AppData\\Roaming\\firebase\\wellingtonjoji1999_gmail_com_application_default_credentials.json"}}
[debug] [2025-11-18T21:04:20.631Z] Checked if tokens are valid: true, expires at: 1763501695679
[debug] [2025-11-18T21:04:20.631Z] Checked if tokens are valid: true, expires at: 1763501695679
[debug] [2025-11-18T21:04:20.635Z] >>> [apiv2][query] GET https://firebase.googleapis.com/v1beta1/projects/e-commerce-treinamento/adminSdkConfig [none]
[debug] [2025-11-18T21:04:21.213Z] <<< [apiv2][status] GET https://firebase.googleapis.com/v1beta1/projects/e-commerce-treinamento/adminSdkConfig 200
[debug] [2025-11-18T21:04:21.214Z] <<< [apiv2][body] GET https://firebase.googleapis.com/v1beta1/projects/e-commerce-treinamento/adminSdkConfig {"projectId":"e-commerce-treinamento","storageBucket":"e-commerce-treinamento.firebasestorage.app"}
[info] i  functions: Watching "C:\Users\welli\ecommerce-api\functions" for Cloud Functions... {"metadata":{"emulator":{"name":"functions"},"message":"Watching \"C:\\Users\\welli\\ecommerce-api\\functions\" for Cloud Functions..."}}
[debug] [2025-11-18T21:04:21.252Z] Validating nodejs source
[debug] [2025-11-18T21:04:22.391Z] > [functions] package.json contents: {
  "name": "functions",
  "version": "1.0.0",
  "main": "./lib/index.js",
  "type": "module",
  "scripts": {
    "lint": "npx eslint .",
    "build": "tsc",
    "build:watch": "tsc --watch",
    "start": "firebase emulators:start --only functions",
    "deploy": "npm run lint && npm run build && firebase deploy --only functions",
    "logs": "firebase functions:log"
  },
  "engines": {
    "node": "22"
  },
  "dependencies": {
    "celebrate": "^15.0.3",
    "dayjs": "^1.11.18",
    "express": "^5.1.0",
    "express-async-handler": "^1.2.0",
    "file-type": "^21.0.0",
    "firebase": "^12.1.0",
    "firebase-admin": "^13.6.0",
    "firebase-functions": "^7.0.0"
  },
  "devDependencies": {
    "@eslint/js": "^9.39.1",
    "@types/eslint__js": "^8.42.3",
    "@types/express": "^5.0.1",
    "@types/node": "^22.15.2",
    "eslint": "^9.39.1",
    "firebase-functions-test": "^3.1.0",
    "typescript": "^5.9.3",
    "typescript-eslint": "^8.47.0"
  },
  "private": true
}
[debug] [2025-11-18T21:04:22.391Z] Building nodejs source
[debug] [2025-11-18T21:04:22.392Z] Failed to find version of module node: reached end of search path C:\Users\welli\ecommerce-api\functions\node_modules
[info] +  functions: Using node@22 from host. 
[info] i  functions: Loaded environment variables from .env. 
[debug] [2025-11-18T21:04:22.396Z] Could not find functions.yaml. Must use http discovery
[debug] [2025-11-18T21:04:22.405Z] Found firebase-functions binary at 'C:\Users\welli\ecommerce-api\functions\node_modules\.bin\firebase-functions'
[info] Serving at port 8162

[debug] [2025-11-18T21:04:23.640Z] Got response from /__/functions.yaml {"endpoints":{"api":{"platform":"gcfv1","availableMemoryMb":null,"timeoutSeconds":null,"minInstances":null,"maxInstances":null,"ingressSettings":null,"serviceAccountEmail":null,"vpc":null,"httpsTrigger":{},"entryPoint":"api"}},"specVersion":"v1alpha1","requiredAPIs":[],"extensions":{}}
[info] +  functions: Loaded functions definitions from source: api. {"metadata":{"emulator":{"name":"functions"},"message":"Loaded functions definitions from source: api."}}
[info] +  functions[us-central1-api]: http function initialized (http://127.0.0.1:5001/e-commerce-treinamento/us-central1/api). {"metadata":{"emulator":{"name":"functions"},"message":"\u001b[1mhttp\u001b[22m function initialized (http://127.0.0.1:5001/e-commerce-treinamento/us-central1/api)."}}
[debug] [2025-11-18T21:04:27.693Z] Could not find VSCode notification endpoint: FetchError: request to http://localhost:40001/vscode/notify failed, reason: . If you are not running the Firebase Data Connect VSCode extension, this is expected and not an issue.
[info] 
┌─────────────────────────────────────────────────────────────┐
│ ✔  All emulators ready! It is now safe to connect your app. │
│ i  View Emulator UI at http://127.0.0.1:4000/               │
└─────────────────────────────────────────────────────────────┘

┌───────────┬────────────────┬─────────────────────────────────┐
│ Emulator  │ Host:Port      │ View in Emulator UI             │
├───────────┼────────────────┼─────────────────────────────────┤
│ Functions │ 127.0.0.1:5001 │ http://127.0.0.1:4000/functions │
└───────────┴────────────────┴─────────────────────────────────┘
  Emulator Hub host: 127.0.0.1 port: 4400
  Other reserved ports: 4500

Issues? Report them at https://github.com/firebase/firebase-tools/issues and attach the *-debug.log files.
 
[debug] [2025-11-18T21:04:56.367Z] File C:\Users\welli\ecommerce-api\functions\lib\models\users.models.js.map changed, reloading triggers {"metadata":{"emulator":{"name":"functions"},"message":"File C:\\Users\\welli\\ecommerce-api\\functions\\lib\\models\\users.models.js.map changed, reloading triggers"}}
[debug] [2025-11-18T21:04:56.370Z] File C:\Users\welli\ecommerce-api\functions\lib\models\users.models.js changed, reloading triggers {"metadata":{"emulator":{"name":"functions"},"message":"File C:\\Users\\welli\\ecommerce-api\\functions\\lib\\models\\users.models.js changed, reloading triggers"}}
[debug] [2025-11-18T21:04:56.371Z] File C:\Users\welli\ecommerce-api\functions\lib\errors\base.error.js.map changed, reloading triggers {"metadata":{"emulator":{"name":"functions"},"message":"File C:\\Users\\welli\\ecommerce-api\\functions\\lib\\errors\\base.error.js.map changed, reloading triggers"}}
[debug] [2025-11-18T21:04:56.374Z] File C:\Users\welli\ecommerce-api\functions\lib\errors\base.error.js changed, reloading triggers {"metadata":{"emulator":{"name":"functions"},"message":"File C:\\Users\\welli\\ecommerce-api\\functions\\lib\\errors\\base.error.js changed, reloading triggers"}}
[debug] [2025-11-18T21:04:56.376Z] File C:\Users\welli\ecommerce-api\functions\lib\errors\not-found.error.js.map changed, reloading triggers {"metadata":{"emulator":{"name":"functions"},"message":"File C:\\Users\\welli\\ecommerce-api\\functions\\lib\\errors\\not-found.error.js.map changed, reloading triggers"}}
[debug] [2025-11-18T21:04:56.376Z] File C:\Users\welli\ecommerce-api\functions\lib\errors\not-found.error.js changed, reloading triggers {"metadata":{"emulator":{"name":"functions"},"message":"File C:\\Users\\welli\\ecommerce-api\\functions\\lib\\errors\\not-found.error.js changed, reloading triggers"}}
[debug] [2025-11-18T21:04:56.378Z] File C:\Users\welli\ecommerce-api\functions\lib\repository\user.respository.js.map changed, reloading triggers {"metadata":{"emulator":{"name":"functions"},"message":"File C:\\Users\\welli\\ecommerce-api\\functions\\lib\\repository\\user.respository.js.map changed, reloading triggers"}}
[debug] [2025-11-18T21:04:56.380Z] File C:\Users\welli\ecommerce-api\functions\lib\errors\email-already-exists.error.js.map changed, reloading triggers {"metadata":{"emulator":{"name":"functions"},"message":"File C:\\Users\\welli\\ecommerce-api\\functions\\lib\\errors\\email-already-exists.error.js.map changed, reloading triggers"}}
[debug] [2025-11-18T21:04:56.380Z] File C:\Users\welli\ecommerce-api\functions\lib\repository\user.respository.js changed, reloading triggers {"metadata":{"emulator":{"name":"functions"},"message":"File C:\\Users\\welli\\ecommerce-api\\functions\\lib\\repository\\user.respository.js changed, reloading triggers"}}
[debug] [2025-11-18T21:04:56.384Z] File C:\Users\welli\ecommerce-api\functions\lib\errors\email-already-exists.error.js changed, reloading triggers {"metadata":{"emulator":{"name":"functions"},"message":"File C:\\Users\\welli\\ecommerce-api\\functions\\lib\\errors\\email-already-exists.error.js changed, reloading triggers"}}
[debug] [2025-11-18T21:04:56.384Z] File C:\Users\welli\ecommerce-api\functions\lib\errors\unauthorized.error.js.map changed, reloading triggers {"metadata":{"emulator":{"name":"functions"},"message":"File C:\\Users\\welli\\ecommerce-api\\functions\\lib\\errors\\unauthorized.error.js.map changed, reloading triggers"}}
[debug] [2025-11-18T21:04:56.384Z] File C:\Users\welli\ecommerce-api\functions\lib\errors\unauthorized.error.js changed, reloading triggers {"metadata":{"emulator":{"name":"functions"},"message":"File C:\\Users\\welli\\ecommerce-api\\functions\\lib\\errors\\unauthorized.error.js changed, reloading triggers"}}
[debug] [2025-11-18T21:04:56.386Z] File C:\Users\welli\ecommerce-api\functions\lib\services\auth.service.js.map changed, reloading triggers {"metadata":{"emulator":{"name":"functions"},"message":"File C:\\Users\\welli\\ecommerce-api\\functions\\lib\\services\\auth.service.js.map changed, reloading triggers"}}
[debug] [2025-11-18T21:04:56.390Z] File C:\Users\welli\ecommerce-api\functions\lib\services\auth.service.js changed, reloading triggers {"metadata":{"emulator":{"name":"functions"},"message":"File C:\\Users\\welli\\ecommerce-api\\functions\\lib\\services\\auth.service.js changed, reloading triggers"}}
[debug] [2025-11-18T21:04:56.392Z] File C:\Users\welli\ecommerce-api\functions\lib\services\user.service.js.map changed, reloading triggers {"metadata":{"emulator":{"name":"functions"},"message":"File C:\\Users\\welli\\ecommerce-api\\functions\\lib\\services\\user.service.js.map changed, reloading triggers"}}
[debug] [2025-11-18T21:04:56.393Z] File C:\Users\welli\ecommerce-api\functions\lib\services\user.service.js changed, reloading triggers {"metadata":{"emulator":{"name":"functions"},"message":"File C:\\Users\\welli\\ecommerce-api\\functions\\lib\\services\\user.service.js changed, reloading triggers"}}
[debug] [2025-11-18T21:04:56.394Z] File C:\Users\welli\ecommerce-api\functions\lib\controllers\users.controller.js.map changed, reloading triggers {"metadata":{"emulator":{"name":"functions"},"message":"File C:\\Users\\welli\\ecommerce-api\\functions\\lib\\controllers\\users.controller.js.map changed, reloading triggers"}}
[debug] [2025-11-18T21:04:56.398Z] File C:\Users\welli\ecommerce-api\functions\lib\routes\users.route.js.map changed, reloading triggers {"metadata":{"emulator":{"name":"functions"},"message":"File C:\\Users\\welli\\ecommerce-api\\functions\\lib\\routes\\users.route.js.map changed, reloading triggers"}}
[debug] [2025-11-18T21:04:56.399Z] File C:\Users\welli\ecommerce-api\functions\lib\controllers\users.controller.js changed, reloading triggers {"metadata":{"emulator":{"name":"functions"},"message":"File C:\\Users\\welli\\ecommerce-api\\functions\\lib\\controllers\\users.controller.js changed, reloading triggers"}}
[debug] [2025-11-18T21:04:56.404Z] File C:\Users\welli\ecommerce-api\functions\lib\routes\users.route.js changed, reloading triggers {"metadata":{"emulator":{"name":"functions"},"message":"File C:\\Users\\welli\\ecommerce-api\\functions\\lib\\routes\\users.route.js changed, reloading triggers"}}
[debug] [2025-11-18T21:04:56.405Z] File C:\Users\welli\ecommerce-api\functions\lib\controllers\auth.controller.js.map changed, reloading triggers {"metadata":{"emulator":{"name":"functions"},"message":"File C:\\Users\\welli\\ecommerce-api\\functions\\lib\\controllers\\auth.controller.js.map changed, reloading triggers"}}
[debug] [2025-11-18T21:04:56.405Z] File C:\Users\welli\ecommerce-api\functions\lib\controllers\auth.controller.js changed, reloading triggers {"metadata":{"emulator":{"name":"functions"},"message":"File C:\\Users\\welli\\ecommerce-api\\functions\\lib\\controllers\\auth.controller.js changed, reloading triggers"}}
[debug] [2025-11-18T21:04:56.410Z] File C:\Users\welli\ecommerce-api\functions\lib\routes\auth.route.js.map changed, reloading triggers {"metadata":{"emulator":{"name":"functions"},"message":"File C:\\Users\\welli\\ecommerce-api\\functions\\lib\\routes\\auth.route.js.map changed, reloading triggers"}}
[debug] [2025-11-18T21:04:56.410Z] File C:\Users\welli\ecommerce-api\functions\lib\routes\auth.route.js changed, reloading triggers {"metadata":{"emulator":{"name":"functions"},"message":"File C:\\Users\\welli\\ecommerce-api\\functions\\lib\\routes\\auth.route.js changed, reloading triggers"}}
[debug] [2025-11-18T21:04:56.414Z] File C:\Users\welli\ecommerce-api\functions\lib\models\company.models.js.map changed, reloading triggers {"metadata":{"emulator":{"name":"functions"},"message":"File C:\\Users\\welli\\ecommerce-api\\functions\\lib\\models\\company.models.js.map changed, reloading triggers"}}
[debug] [2025-11-18T21:04:56.418Z] File C:\Users\welli\ecommerce-api\functions\lib\repository\company.respository.js.map changed, reloading triggers {"metadata":{"emulator":{"name":"functions"},"message":"File C:\\Users\\welli\\ecommerce-api\\functions\\lib\\repository\\company.respository.js.map changed, reloading triggers"}}
[debug] [2025-11-18T21:04:56.419Z] File C:\Users\welli\ecommerce-api\functions\lib\models\company.models.js changed, reloading triggers {"metadata":{"emulator":{"name":"functions"},"message":"File C:\\Users\\welli\\ecommerce-api\\functions\\lib\\models\\company.models.js changed, reloading triggers"}}
[debug] [2025-11-18T21:04:56.424Z] File C:\Users\welli\ecommerce-api\functions\lib\errors\validation.error.js.map changed, reloading triggers {"metadata":{"emulator":{"name":"functions"},"message":"File C:\\Users\\welli\\ecommerce-api\\functions\\lib\\errors\\validation.error.js.map changed, reloading triggers"}}
[debug] [2025-11-18T21:04:56.424Z] File C:\Users\welli\ecommerce-api\functions\lib\repository\company.respository.js changed, reloading triggers {"metadata":{"emulator":{"name":"functions"},"message":"File C:\\Users\\welli\\ecommerce-api\\functions\\lib\\repository\\company.respository.js changed, reloading triggers"}}
[debug] [2025-11-18T21:04:56.424Z] File C:\Users\welli\ecommerce-api\functions\lib\services\upload-file.service.js.map changed, reloading triggers {"metadata":{"emulator":{"name":"functions"},"message":"File C:\\Users\\welli\\ecommerce-api\\functions\\lib\\services\\upload-file.service.js.map changed, reloading triggers"}}
[debug] [2025-11-18T21:04:56.431Z] File C:\Users\welli\ecommerce-api\functions\lib\utils\validation-utils.js.map changed, reloading triggers {"metadata":{"emulator":{"name":"functions"},"message":"File C:\\Users\\welli\\ecommerce-api\\functions\\lib\\utils\\validation-utils.js.map changed, reloading triggers"}}
[debug] [2025-11-18T21:04:56.431Z] File C:\Users\welli\ecommerce-api\functions\lib\errors\validation.error.js changed, reloading triggers {"metadata":{"emulator":{"name":"functions"},"message":"File C:\\Users\\welli\\ecommerce-api\\functions\\lib\\errors\\validation.error.js changed, reloading triggers"}}
[debug] [2025-11-18T21:04:56.431Z] File C:\Users\welli\ecommerce-api\functions\lib\services\upload-file.service.js changed, reloading triggers {"metadata":{"emulator":{"name":"functions"},"message":"File C:\\Users\\welli\\ecommerce-api\\functions\\lib\\services\\upload-file.service.js changed, reloading triggers"}}
[debug] [2025-11-18T21:04:56.442Z] File C:\Users\welli\ecommerce-api\functions\lib\controllers\companies.controller.js.map changed, reloading triggers {"metadata":{"emulator":{"name":"functions"},"message":"File C:\\Users\\welli\\ecommerce-api\\functions\\lib\\controllers\\companies.controller.js.map changed, reloading triggers"}}
[debug] [2025-11-18T21:04:56.443Z] File C:\Users\welli\ecommerce-api\functions\lib\utils\validation-utils.js changed, reloading triggers {"metadata":{"emulator":{"name":"functions"},"message":"File C:\\Users\\welli\\ecommerce-api\\functions\\lib\\utils\\validation-utils.js changed, reloading triggers"}}
[debug] [2025-11-18T21:04:56.443Z] File C:\Users\welli\ecommerce-api\functions\lib\routes\companies.route.js.map changed, reloading triggers {"metadata":{"emulator":{"name":"functions"},"message":"File C:\\Users\\welli\\ecommerce-api\\functions\\lib\\routes\\companies.route.js.map changed, reloading triggers"}}
[debug] [2025-11-18T21:04:56.444Z] File C:\Users\welli\ecommerce-api\functions\lib\services\company.service.js.map changed, reloading triggers {"metadata":{"emulator":{"name":"functions"},"message":"File C:\\Users\\welli\\ecommerce-api\\functions\\lib\\services\\company.service.js.map changed, reloading triggers"}}
[debug] [2025-11-18T21:04:56.445Z] File C:\Users\welli\ecommerce-api\functions\lib\services\company.service.js changed, reloading triggers {"metadata":{"emulator":{"name":"functions"},"message":"File C:\\Users\\welli\\ecommerce-api\\functions\\lib\\services\\company.service.js changed, reloading triggers"}}
[debug] [2025-11-18T21:04:56.455Z] File C:\Users\welli\ecommerce-api\functions\lib\models\category.models.js.map changed, reloading triggers {"metadata":{"emulator":{"name":"functions"},"message":"File C:\\Users\\welli\\ecommerce-api\\functions\\lib\\models\\category.models.js.map changed, reloading triggers"}}
[debug] [2025-11-18T21:04:56.455Z] File C:\Users\welli\ecommerce-api\functions\lib\repository\category.respository.js.map changed, reloading triggers {"metadata":{"emulator":{"name":"functions"},"message":"File C:\\Users\\welli\\ecommerce-api\\functions\\lib\\repository\\category.respository.js.map changed, reloading triggers"}}
[debug] [2025-11-18T21:04:56.456Z] File C:\Users\welli\ecommerce-api\functions\lib\controllers\companies.controller.js changed, reloading triggers {"metadata":{"emulator":{"name":"functions"},"message":"File C:\\Users\\welli\\ecommerce-api\\functions\\lib\\controllers\\companies.controller.js changed, reloading triggers"}}
[debug] [2025-11-18T21:04:56.456Z] File C:\Users\welli\ecommerce-api\functions\lib\routes\companies.route.js changed, reloading triggers {"metadata":{"emulator":{"name":"functions"},"message":"File C:\\Users\\welli\\ecommerce-api\\functions\\lib\\routes\\companies.route.js changed, reloading triggers"}}
[debug] [2025-11-18T21:04:56.469Z] File C:\Users\welli\ecommerce-api\functions\lib\services\category.service.js.map changed, reloading triggers {"metadata":{"emulator":{"name":"functions"},"message":"File C:\\Users\\welli\\ecommerce-api\\functions\\lib\\services\\category.service.js.map changed, reloading triggers"}}
[debug] [2025-11-18T21:04:56.469Z] File C:\Users\welli\ecommerce-api\functions\lib\models\category.models.js changed, reloading triggers {"metadata":{"emulator":{"name":"functions"},"message":"File C:\\Users\\welli\\ecommerce-api\\functions\\lib\\models\\category.models.js changed, reloading triggers"}}
[debug] [2025-11-18T21:04:56.469Z] File C:\Users\welli\ecommerce-api\functions\lib\models\product.models.js.map changed, reloading triggers {"metadata":{"emulator":{"name":"functions"},"message":"File C:\\Users\\welli\\ecommerce-api\\functions\\lib\\models\\product.models.js.map changed, reloading triggers"}}
[debug] [2025-11-18T21:04:56.469Z] File C:\Users\welli\ecommerce-api\functions\lib\models\product.models.js changed, reloading triggers {"metadata":{"emulator":{"name":"functions"},"message":"File C:\\Users\\welli\\ecommerce-api\\functions\\lib\\models\\product.models.js changed, reloading triggers"}}
[debug] [2025-11-18T21:04:56.469Z] File C:\Users\welli\ecommerce-api\functions\lib\repository\category.respository.js changed, reloading triggers {"metadata":{"emulator":{"name":"functions"},"message":"File C:\\Users\\welli\\ecommerce-api\\functions\\lib\\repository\\category.respository.js changed, reloading triggers"}}
[debug] [2025-11-18T21:04:56.469Z] File C:\Users\welli\ecommerce-api\functions\lib\repository\produt.repository.js.map changed, reloading triggers {"metadata":{"emulator":{"name":"functions"},"message":"File C:\\Users\\welli\\ecommerce-api\\functions\\lib\\repository\\produt.repository.js.map changed, reloading triggers"}}
[debug] [2025-11-18T21:04:56.469Z] File C:\Users\welli\ecommerce-api\functions\lib\repository\produt.repository.js changed, reloading triggers {"metadata":{"emulator":{"name":"functions"},"message":"File C:\\Users\\welli\\ecommerce-api\\functions\\lib\\repository\\produt.repository.js changed, reloading triggers"}}
[debug] [2025-11-18T21:04:56.470Z] File C:\Users\welli\ecommerce-api\functions\lib\controllers\categories.controller.js.map changed, reloading triggers {"metadata":{"emulator":{"name":"functions"},"message":"File C:\\Users\\welli\\ecommerce-api\\functions\\lib\\controllers\\categories.controller.js.map changed, reloading triggers"}}
[debug] [2025-11-18T21:04:56.470Z] File C:\Users\welli\ecommerce-api\functions\lib\controllers\categories.controller.js changed, reloading triggers {"metadata":{"emulator":{"name":"functions"},"message":"File C:\\Users\\welli\\ecommerce-api\\functions\\lib\\controllers\\categories.controller.js changed, reloading triggers"}}
[debug] [2025-11-18T21:04:56.470Z] File C:\Users\welli\ecommerce-api\functions\lib\routes\categories.routes.js.map changed, reloading triggers {"metadata":{"emulator":{"name":"functions"},"message":"File C:\\Users\\welli\\ecommerce-api\\functions\\lib\\routes\\categories.routes.js.map changed, reloading triggers"}}
[debug] [2025-11-18T21:04:56.470Z] File C:\Users\welli\ecommerce-api\functions\lib\routes\categories.routes.js changed, reloading triggers {"metadata":{"emulator":{"name":"functions"},"message":"File C:\\Users\\welli\\ecommerce-api\\functions\\lib\\routes\\categories.routes.js changed, reloading triggers"}}
[debug] [2025-11-18T21:04:56.482Z] File C:\Users\welli\ecommerce-api\functions\lib\services\category.service.js changed, reloading triggers {"metadata":{"emulator":{"name":"functions"},"message":"File C:\\Users\\welli\\ecommerce-api\\functions\\lib\\services\\category.service.js changed, reloading triggers"}}
[debug] [2025-11-18T21:04:56.482Z] File C:\Users\welli\ecommerce-api\functions\lib\services\product.service.js.map changed, reloading triggers {"metadata":{"emulator":{"name":"functions"},"message":"File C:\\Users\\welli\\ecommerce-api\\functions\\lib\\services\\product.service.js.map changed, reloading triggers"}}
[debug] [2025-11-18T21:04:56.482Z] File C:\Users\welli\ecommerce-api\functions\lib\services\product.service.js changed, reloading triggers {"metadata":{"emulator":{"name":"functions"},"message":"File C:\\Users\\welli\\ecommerce-api\\functions\\lib\\services\\product.service.js changed, reloading triggers"}}
[debug] [2025-11-18T21:04:56.482Z] File C:\Users\welli\ecommerce-api\functions\lib\models\payment-methods.models.js.map changed, reloading triggers {"metadata":{"emulator":{"name":"functions"},"message":"File C:\\Users\\welli\\ecommerce-api\\functions\\lib\\models\\payment-methods.models.js.map changed, reloading triggers"}}
[debug] [2025-11-18T21:04:56.482Z] File C:\Users\welli\ecommerce-api\functions\lib\repository\payment-methods.repository.js.map changed, reloading triggers {"metadata":{"emulator":{"name":"functions"},"message":"File C:\\Users\\welli\\ecommerce-api\\functions\\lib\\repository\\payment-methods.repository.js.map changed, reloading triggers"}}
[debug] [2025-11-18T21:04:56.482Z] File C:\Users\welli\ecommerce-api\functions\lib\repository\payment-methods.repository.js changed, reloading triggers {"metadata":{"emulator":{"name":"functions"},"message":"File C:\\Users\\welli\\ecommerce-api\\functions\\lib\\repository\\payment-methods.repository.js changed, reloading triggers"}}
[debug] [2025-11-18T21:04:56.482Z] File C:\Users\welli\ecommerce-api\functions\lib\controllers\products.controller.js.map changed, reloading triggers {"metadata":{"emulator":{"name":"functions"},"message":"File C:\\Users\\welli\\ecommerce-api\\functions\\lib\\controllers\\products.controller.js.map changed, reloading triggers"}}
[debug] [2025-11-18T21:04:56.483Z] File C:\Users\welli\ecommerce-api\functions\lib\controllers\products.controller.js changed, reloading triggers {"metadata":{"emulator":{"name":"functions"},"message":"File C:\\Users\\welli\\ecommerce-api\\functions\\lib\\controllers\\products.controller.js changed, reloading triggers"}}
[debug] [2025-11-18T21:04:56.483Z] File C:\Users\welli\ecommerce-api\functions\lib\routes\products.route.js.map changed, reloading triggers {"metadata":{"emulator":{"name":"functions"},"message":"File C:\\Users\\welli\\ecommerce-api\\functions\\lib\\routes\\products.route.js.map changed, reloading triggers"}}
[debug] [2025-11-18T21:04:56.483Z] File C:\Users\welli\ecommerce-api\functions\lib\routes\products.route.js changed, reloading triggers {"metadata":{"emulator":{"name":"functions"},"message":"File C:\\Users\\welli\\ecommerce-api\\functions\\lib\\routes\\products.route.js changed, reloading triggers"}}
[debug] [2025-11-18T21:04:56.499Z] File C:\Users\welli\ecommerce-api\functions\lib\utils\regex-utils.js.map changed, reloading triggers {"metadata":{"emulator":{"name":"functions"},"message":"File C:\\Users\\welli\\ecommerce-api\\functions\\lib\\utils\\regex-utils.js.map changed, reloading triggers"}}
[debug] [2025-11-18T21:04:56.500Z] File C:\Users\welli\ecommerce-api\functions\lib\services\payment-methods.service.js.map changed, reloading triggers {"metadata":{"emulator":{"name":"functions"},"message":"File C:\\Users\\welli\\ecommerce-api\\functions\\lib\\services\\payment-methods.service.js.map changed, reloading triggers"}}
[debug] [2025-11-18T21:04:56.500Z] File C:\Users\welli\ecommerce-api\functions\lib\services\payment-methods.service.js changed, reloading triggers {"metadata":{"emulator":{"name":"functions"},"message":"File C:\\Users\\welli\\ecommerce-api\\functions\\lib\\services\\payment-methods.service.js changed, reloading triggers"}}
[debug] [2025-11-18T21:04:56.500Z] File C:\Users\welli\ecommerce-api\functions\lib\models\payment-methods.models.js changed, reloading triggers {"metadata":{"emulator":{"name":"functions"},"message":"File C:\\Users\\welli\\ecommerce-api\\functions\\lib\\models\\payment-methods.models.js changed, reloading triggers"}}
[debug] [2025-11-18T21:04:56.500Z] File C:\Users\welli\ecommerce-api\functions\lib\models\customer.model.js.map changed, reloading triggers {"metadata":{"emulator":{"name":"functions"},"message":"File C:\\Users\\welli\\ecommerce-api\\functions\\lib\\models\\customer.model.js.map changed, reloading triggers"}}
[debug] [2025-11-18T21:04:56.500Z] File C:\Users\welli\ecommerce-api\functions\lib\models\customer.model.js changed, reloading triggers {"metadata":{"emulator":{"name":"functions"},"message":"File C:\\Users\\welli\\ecommerce-api\\functions\\lib\\models\\customer.model.js changed, reloading triggers"}}
[debug] [2025-11-18T21:04:56.500Z] File C:\Users\welli\ecommerce-api\functions\lib\models\address.model.js.map changed, reloading triggers {"metadata":{"emulator":{"name":"functions"},"message":"File C:\\Users\\welli\\ecommerce-api\\functions\\lib\\models\\address.model.js.map changed, reloading triggers"}}
[debug] [2025-11-18T21:04:56.500Z] File C:\Users\welli\ecommerce-api\functions\lib\models\address.model.js changed, reloading triggers {"metadata":{"emulator":{"name":"functions"},"message":"File C:\\Users\\welli\\ecommerce-api\\functions\\lib\\models\\address.model.js changed, reloading triggers"}}
[debug] [2025-11-18T21:04:56.500Z] File C:\Users\welli\ecommerce-api\functions\lib\controllers\payment-methods.controller.js.map changed, reloading triggers {"metadata":{"emulator":{"name":"functions"},"message":"File C:\\Users\\welli\\ecommerce-api\\functions\\lib\\controllers\\payment-methods.controller.js.map changed, reloading triggers"}}
[debug] [2025-11-18T21:04:56.500Z] File C:\Users\welli\ecommerce-api\functions\lib\controllers\payment-methods.controller.js changed, reloading triggers {"metadata":{"emulator":{"name":"functions"},"message":"File C:\\Users\\welli\\ecommerce-api\\functions\\lib\\controllers\\payment-methods.controller.js changed, reloading triggers"}}
[debug] [2025-11-18T21:04:56.501Z] File C:\Users\welli\ecommerce-api\functions\lib\routes\payement-methods.route.js.map changed, reloading triggers {"metadata":{"emulator":{"name":"functions"},"message":"File C:\\Users\\welli\\ecommerce-api\\functions\\lib\\routes\\payement-methods.route.js.map changed, reloading triggers"}}
[debug] [2025-11-18T21:04:56.501Z] File C:\Users\welli\ecommerce-api\functions\lib\routes\payement-methods.route.js changed, reloading triggers {"metadata":{"emulator":{"name":"functions"},"message":"File C:\\Users\\welli\\ecommerce-api\\functions\\lib\\routes\\payement-methods.route.js changed, reloading triggers"}}
[debug] [2025-11-18T21:04:56.513Z] File C:\Users\welli\ecommerce-api\functions\lib\utils\regex-utils.js changed, reloading triggers {"metadata":{"emulator":{"name":"functions"},"message":"File C:\\Users\\welli\\ecommerce-api\\functions\\lib\\utils\\regex-utils.js changed, reloading triggers"}}
[debug] [2025-11-18T21:04:56.513Z] File C:\Users\welli\ecommerce-api\functions\lib\models\order-item.model.js.map changed, reloading triggers {"metadata":{"emulator":{"name":"functions"},"message":"File C:\\Users\\welli\\ecommerce-api\\functions\\lib\\models\\order-item.model.js.map changed, reloading triggers"}}
[debug] [2025-11-18T21:04:56.513Z] File C:\Users\welli\ecommerce-api\functions\lib\models\order-item.model.js changed, reloading triggers {"metadata":{"emulator":{"name":"functions"},"message":"File C:\\Users\\welli\\ecommerce-api\\functions\\lib\\models\\order-item.model.js changed, reloading triggers"}}
[debug] [2025-11-18T21:04:56.513Z] File C:\Users\welli\ecommerce-api\functions\lib\models\order.model.js.map changed, reloading triggers {"metadata":{"emulator":{"name":"functions"},"message":"File C:\\Users\\welli\\ecommerce-api\\functions\\lib\\models\\order.model.js.map changed, reloading triggers"}}
[debug] [2025-11-18T21:04:56.513Z] File C:\Users\welli\ecommerce-api\functions\lib\models\order.model.js changed, reloading triggers {"metadata":{"emulator":{"name":"functions"},"message":"File C:\\Users\\welli\\ecommerce-api\\functions\\lib\\models\\order.model.js changed, reloading triggers"}}
[debug] [2025-11-18T21:04:56.513Z] File C:\Users\welli\ecommerce-api\functions\lib\repository\order.repository.js.map changed, reloading triggers {"metadata":{"emulator":{"name":"functions"},"message":"File C:\\Users\\welli\\ecommerce-api\\functions\\lib\\repository\\order.repository.js.map changed, reloading triggers"}}
[debug] [2025-11-18T21:04:56.514Z] File C:\Users\welli\ecommerce-api\functions\lib\repository\order.repository.js changed, reloading triggers {"metadata":{"emulator":{"name":"functions"},"message":"File C:\\Users\\welli\\ecommerce-api\\functions\\lib\\repository\\order.repository.js changed, reloading triggers"}}
[debug] [2025-11-18T21:04:56.514Z] File C:\Users\welli\ecommerce-api\functions\lib\services\order.service.js.map changed, reloading triggers {"metadata":{"emulator":{"name":"functions"},"message":"File C:\\Users\\welli\\ecommerce-api\\functions\\lib\\services\\order.service.js.map changed, reloading triggers"}}
[debug] [2025-11-18T21:04:56.519Z] File C:\Users\welli\ecommerce-api\functions\lib\controllers\order.controller.js.map changed, reloading triggers {"metadata":{"emulator":{"name":"functions"},"message":"File C:\\Users\\welli\\ecommerce-api\\functions\\lib\\controllers\\order.controller.js.map changed, reloading triggers"}}
[debug] [2025-11-18T21:04:56.520Z] File C:\Users\welli\ecommerce-api\functions\lib\routes\orders.route.js.map changed, reloading triggers {"metadata":{"emulator":{"name":"functions"},"message":"File C:\\Users\\welli\\ecommerce-api\\functions\\lib\\routes\\orders.route.js.map changed, reloading triggers"}}
[debug] [2025-11-18T21:04:56.520Z] File C:\Users\welli\ecommerce-api\functions\lib\errors\forbbiden.error.js.map changed, reloading triggers {"metadata":{"emulator":{"name":"functions"},"message":"File C:\\Users\\welli\\ecommerce-api\\functions\\lib\\errors\\forbbiden.error.js.map changed, reloading triggers"}}
[debug] [2025-11-18T21:04:56.520Z] File C:\Users\welli\ecommerce-api\functions\lib\middlewares\allow-anonymous-user.middleware.js.map changed, reloading triggers {"metadata":{"emulator":{"name":"functions"},"message":"File C:\\Users\\welli\\ecommerce-api\\functions\\lib\\middlewares\\allow-anonymous-user.middleware.js.map changed, reloading triggers"}}
[debug] [2025-11-18T21:04:56.520Z] File C:\Users\welli\ecommerce-api\functions\lib\services\order.service.js changed, reloading triggers {"metadata":{"emulator":{"name":"functions"},"message":"File C:\\Users\\welli\\ecommerce-api\\functions\\lib\\services\\order.service.js changed, reloading triggers"}}
[debug] [2025-11-18T21:04:56.534Z] File C:\Users\welli\ecommerce-api\functions\lib\index.js.map changed, reloading triggers {"metadata":{"emulator":{"name":"functions"},"message":"File C:\\Users\\welli\\ecommerce-api\\functions\\lib\\index.js.map changed, reloading triggers"}}
[debug] [2025-11-18T21:04:56.534Z] File C:\Users\welli\ecommerce-api\functions\lib\controllers\order.controller.js changed, reloading triggers {"metadata":{"emulator":{"name":"functions"},"message":"File C:\\Users\\welli\\ecommerce-api\\functions\\lib\\controllers\\order.controller.js changed, reloading triggers"}}
[debug] [2025-11-18T21:04:56.534Z] File C:\Users\welli\ecommerce-api\functions\lib\routes\orders.route.js changed, reloading triggers {"metadata":{"emulator":{"name":"functions"},"message":"File C:\\Users\\welli\\ecommerce-api\\functions\\lib\\routes\\orders.route.js changed, reloading triggers"}}
[debug] [2025-11-18T21:04:56.534Z] File C:\Users\welli\ecommerce-api\functions\lib\routes\index.js.map changed, reloading triggers {"metadata":{"emulator":{"name":"functions"},"message":"File C:\\Users\\welli\\ecommerce-api\\functions\\lib\\routes\\index.js.map changed, reloading triggers"}}
[debug] [2025-11-18T21:04:56.534Z] File C:\Users\welli\ecommerce-api\functions\lib\routes\index.js changed, reloading triggers {"metadata":{"emulator":{"name":"functions"},"message":"File C:\\Users\\welli\\ecommerce-api\\functions\\lib\\routes\\index.js changed, reloading triggers"}}
[debug] [2025-11-18T21:04:56.534Z] File C:\Users\welli\ecommerce-api\functions\lib\errors\forbbiden.error.js changed, reloading triggers {"metadata":{"emulator":{"name":"functions"},"message":"File C:\\Users\\welli\\ecommerce-api\\functions\\lib\\errors\\forbbiden.error.js changed, reloading triggers"}}
[debug] [2025-11-18T21:04:56.534Z] File C:\Users\welli\ecommerce-api\functions\lib\errors\internal-server.error.js.map changed, reloading triggers {"metadata":{"emulator":{"name":"functions"},"message":"File C:\\Users\\welli\\ecommerce-api\\functions\\lib\\errors\\internal-server.error.js.map changed, reloading triggers"}}
[debug] [2025-11-18T21:04:56.534Z] File C:\Users\welli\ecommerce-api\functions\lib\errors\internal-server.error.js changed, reloading triggers {"metadata":{"emulator":{"name":"functions"},"message":"File C:\\Users\\welli\\ecommerce-api\\functions\\lib\\errors\\internal-server.error.js changed, reloading triggers"}}
[debug] [2025-11-18T21:04:56.534Z] File C:\Users\welli\ecommerce-api\functions\lib\middlewares\allow-anonymous-user.middleware.js changed, reloading triggers {"metadata":{"emulator":{"name":"functions"},"message":"File C:\\Users\\welli\\ecommerce-api\\functions\\lib\\middlewares\\allow-anonymous-user.middleware.js changed, reloading triggers"}}
[debug] [2025-11-18T21:04:56.534Z] File C:\Users\welli\ecommerce-api\functions\lib\middlewares\error-handler.middleware.js.map changed, reloading triggers {"metadata":{"emulator":{"name":"functions"},"message":"File C:\\Users\\welli\\ecommerce-api\\functions\\lib\\middlewares\\error-handler.middleware.js.map changed, reloading triggers"}}
[debug] [2025-11-18T21:04:56.534Z] File C:\Users\welli\ecommerce-api\functions\lib\middlewares\error-handler.middleware.js changed, reloading triggers {"metadata":{"emulator":{"name":"functions"},"message":"File C:\\Users\\welli\\ecommerce-api\\functions\\lib\\middlewares\\error-handler.middleware.js changed, reloading triggers"}}
[debug] [2025-11-18T21:04:56.534Z] File C:\Users\welli\ecommerce-api\functions\lib\middlewares\page-no-found.middleware.js.map changed, reloading triggers {"metadata":{"emulator":{"name":"functions"},"message":"File C:\\Users\\welli\\ecommerce-api\\functions\\lib\\middlewares\\page-no-found.middleware.js.map changed, reloading triggers"}}
[debug] [2025-11-18T21:04:56.534Z] File C:\Users\welli\ecommerce-api\functions\lib\middlewares\page-no-found.middleware.js changed, reloading triggers {"metadata":{"emulator":{"name":"functions"},"message":"File C:\\Users\\welli\\ecommerce-api\\functions\\lib\\middlewares\\page-no-found.middleware.js changed, reloading triggers"}}
[debug] [2025-11-18T21:04:56.535Z] File C:\Users\welli\ecommerce-api\functions\lib\middlewares\auth.middleware.js.map changed, reloading triggers {"metadata":{"emulator":{"name":"functions"},"message":"File C:\\Users\\welli\\ecommerce-api\\functions\\lib\\middlewares\\auth.middleware.js.map changed, reloading triggers"}}
[debug] [2025-11-18T21:04:56.535Z] File C:\Users\welli\ecommerce-api\functions\lib\middlewares\auth.middleware.js changed, reloading triggers {"metadata":{"emulator":{"name":"functions"},"message":"File C:\\Users\\welli\\ecommerce-api\\functions\\lib\\middlewares\\auth.middleware.js changed, reloading triggers"}}
[debug] [2025-11-18T21:04:56.538Z] File C:\Users\welli\ecommerce-api\functions\lib\index.js changed, reloading triggers {"metadata":{"emulator":{"name":"functions"},"message":"File C:\\Users\\welli\\ecommerce-api\\functions\\lib\\index.js changed, reloading triggers"}}
[debug] [2025-11-18T21:04:57.549Z] Validating nodejs source
[debug] [2025-11-18T21:04:58.628Z] > [functions] package.json contents: {
  "name": "functions",
  "version": "1.0.0",
  "main": "./lib/index.js",
  "type": "module",
  "scripts": {
    "lint": "npx eslint .",
    "build": "tsc",
    "build:watch": "tsc --watch",
    "start": "firebase emulators:start --only functions",
    "deploy": "npm run lint && npm run build && firebase deploy --only functions",
    "logs": "firebase functions:log"
  },
  "engines": {
    "node": "22"
  },
  "dependencies": {
    "celebrate": "^15.0.3",
    "dayjs": "^1.11.18",
    "express": "^5.1.0",
    "express-async-handler": "^1.2.0",
    "file-type": "^21.0.0",
    "firebase": "^12.1.0",
    "firebase-admin": "^13.6.0",
    "firebase-functions": "^7.0.0"
  },
  "devDependencies": {
    "@eslint/js": "^9.39.1",
    "@types/eslint__js": "^8.42.3",
    "@types/express": "^5.0.1",
    "@types/node": "^22.15.2",
    "eslint": "^9.39.1",
    "firebase-functions-test": "^3.1.0",
    "typescript": "^5.9.3",
    "typescript-eslint": "^8.47.0"
  },
  "private": true
}
[debug] [2025-11-18T21:04:58.628Z] Building nodejs source
[debug] [2025-11-18T21:04:58.628Z] Failed to find version of module node: reached end of search path C:\Users\welli\ecommerce-api\functions\node_modules
[info] +  functions: Using node@22 from host. 
[info] i  functions: Loaded environment variables from .env. 
[debug] [2025-11-18T21:04:58.630Z] Could not find functions.yaml. Must use http discovery
[debug] [2025-11-18T21:04:58.638Z] Found firebase-functions binary at 'C:\Users\welli\ecommerce-api\functions\node_modules\.bin\firebase-functions'
[info] Serving at port 8820

[debug] [2025-11-18T21:04:59.728Z] [work-queue] {"queuedWork":["/e-commerce-treinamento/us-central1/api//auth/login-2025-11-18T21:04:59.728Z"],"queueLength":1,"runningWork":[],"workRunningCount":0}
[debug] [2025-11-18T21:04:59.729Z] [work-queue] {"queuedWork":[],"queueLength":0,"runningWork":["/e-commerce-treinamento/us-central1/api//auth/login-2025-11-18T21:04:59.728Z"],"workRunningCount":1}
[debug] [2025-11-18T21:04:59.730Z] Accepted request POST /e-commerce-treinamento/us-central1/api//auth/login --> us-central1-api
[debug] [2025-11-18T21:04:59.735Z] [functions] Runtime ready! Sending request! {"metadata":{"emulator":{"name":"functions"},"message":"[functions] Runtime ready! Sending request!"}}
[debug] [2025-11-18T21:04:59.735Z] [functions] Got req.url=/e-commerce-treinamento/us-central1/api//auth/login, mapping to path=//auth/login {"metadata":{"emulator":{"name":"functions"},"message":"[functions] Got req.url=/e-commerce-treinamento/us-central1/api//auth/login, mapping to path=//auth/login"}}
[info] i  functions: Loaded environment variables from .env. 
[debug] [2025-11-18T21:04:59.757Z] [worker-pool] addWorker(us-central1-api) {"metadata":{"emulator":{"name":"functions"},"message":"[worker-pool] addWorker(us-central1-api)"}}
[debug] [2025-11-18T21:04:59.758Z] [worker-pool] Adding worker with key us-central1-api, total=1 {"metadata":{"emulator":{"name":"functions"},"message":"[worker-pool] Adding worker with key us-central1-api, total=1"}}
[debug] [2025-11-18T21:05:00.877Z] Got response from /__/functions.yaml {"endpoints":{"api":{"platform":"gcfv1","availableMemoryMb":null,"timeoutSeconds":null,"minInstances":null,"maxInstances":null,"ingressSettings":null,"serviceAccountEmail":null,"vpc":null,"httpsTrigger":{},"entryPoint":"api"}},"specVersion":"v1alpha1","requiredAPIs":[],"extensions":{}}
[debug] [2025-11-18T21:05:01.950Z] [runtime-status] [49312] Resolved module firebase-admin {"declared":true,"installed":true,"version":"13.6.0","resolution":"C:\\Users\\welli\\ecommerce-api\\functions\\node_modules\\firebase-admin\\lib\\index.js"} {"metadata":{"emulator":{"name":"functions"},"function":{"name":"us-central1-api"},"extension":{},"message":"[runtime-status] [49312] Resolved module firebase-admin {\"declared\":true,\"installed\":true,\"version\":\"13.6.0\",\"resolution\":\"C:\\\\Users\\\\welli\\\\ecommerce-api\\\\functions\\\\node_modules\\\\firebase-admin\\\\lib\\\\index.js\"}"}}
[debug] [2025-11-18T21:05:01.951Z] [runtime-status] [49312] Resolved module firebase-functions {"declared":true,"installed":true,"version":"7.0.0","resolution":"C:\\Users\\welli\\ecommerce-api\\functions\\node_modules\\firebase-functions\\lib\\v2\\index.js"} {"metadata":{"emulator":{"name":"functions"},"function":{"name":"us-central1-api"},"extension":{},"message":"[runtime-status] [49312] Resolved module firebase-functions {\"declared\":true,\"installed\":true,\"version\":\"7.0.0\",\"resolution\":\"C:\\\\Users\\\\welli\\\\ecommerce-api\\\\functions\\\\node_modules\\\\firebase-functions\\\\lib\\\\v2\\\\index.js\"}"}}
[debug] [2025-11-18T21:05:01.952Z] [runtime-status] [49312] Outgoing network have been stubbed. [{"name":"http","status":"mocked"},{"name":"http","status":"mocked"},{"name":"https","status":"mocked"},{"name":"https","status":"mocked"},{"name":"net","status":"mocked"}] {"metadata":{"emulator":{"name":"functions"},"function":{"name":"us-central1-api"},"extension":{},"message":"[runtime-status] [49312] Outgoing network have been stubbed. [{\"name\":\"http\",\"status\":\"mocked\"},{\"name\":\"http\",\"status\":\"mocked\"},{\"name\":\"https\",\"status\":\"mocked\"},{\"name\":\"https\",\"status\":\"mocked\"},{\"name\":\"net\",\"status\":\"mocked\"}]"}}
[debug] [2025-11-18T21:05:01.954Z] [runtime-status] [49312] Resolved module firebase-functions {"declared":true,"installed":true,"version":"7.0.0","resolution":"C:\\Users\\welli\\ecommerce-api\\functions\\node_modules\\firebase-functions\\lib\\v2\\index.js"} {"metadata":{"emulator":{"name":"functions"},"function":{"name":"us-central1-api"},"extension":{},"message":"[runtime-status] [49312] Resolved module firebase-functions {\"declared\":true,\"installed\":true,\"version\":\"7.0.0\",\"resolution\":\"C:\\\\Users\\\\welli\\\\ecommerce-api\\\\functions\\\\node_modules\\\\firebase-functions\\\\lib\\\\v2\\\\index.js\"}"}}
[debug] [2025-11-18T21:05:01.955Z] [runtime-status] [49312] Detected firebase-functions v7+, skipping config helper. {"metadata":{"emulator":{"name":"functions"},"function":{"name":"us-central1-api"},"extension":{},"message":"[runtime-status] [49312] Detected firebase-functions v7+, skipping config helper."}}
[debug] [2025-11-18T21:05:01.956Z] [runtime-status] [49312] Resolved module firebase-functions {"declared":true,"installed":true,"version":"7.0.0","resolution":"C:\\Users\\welli\\ecommerce-api\\functions\\node_modules\\firebase-functions\\lib\\v2\\index.js"} {"metadata":{"emulator":{"name":"functions"},"function":{"name":"us-central1-api"},"extension":{},"message":"[runtime-status] [49312] Resolved module firebase-functions {\"declared\":true,\"installed\":true,\"version\":\"7.0.0\",\"resolution\":\"C:\\\\Users\\\\welli\\\\ecommerce-api\\\\functions\\\\node_modules\\\\firebase-functions\\\\lib\\\\v2\\\\index.js\"}"}}
[debug] [2025-11-18T21:05:01.956Z] [runtime-status] [49312] Detected firebase-functions v7+, skipping legacy stubs. {"metadata":{"emulator":{"name":"functions"},"function":{"name":"us-central1-api"},"extension":{},"message":"[runtime-status] [49312] Detected firebase-functions v7+, skipping legacy stubs."}}
[debug] [2025-11-18T21:05:01.957Z] [runtime-status] [49312] Resolved module firebase-admin {"declared":true,"installed":true,"version":"13.6.0","resolution":"C:\\Users\\welli\\ecommerce-api\\functions\\node_modules\\firebase-admin\\lib\\index.js"} {"metadata":{"emulator":{"name":"functions"},"function":{"name":"us-central1-api"},"extension":{},"message":"[runtime-status] [49312] Resolved module firebase-admin {\"declared\":true,\"installed\":true,\"version\":\"13.6.0\",\"resolution\":\"C:\\\\Users\\\\welli\\\\ecommerce-api\\\\functions\\\\node_modules\\\\firebase-admin\\\\lib\\\\index.js\"}"}}
[debug] [2025-11-18T21:05:02.093Z] [runtime-status] [49312] Resolved module firebase-functions {"declared":true,"installed":true,"version":"7.0.0","resolution":"C:\\Users\\welli\\ecommerce-api\\functions\\node_modules\\firebase-functions\\lib\\v2\\index.js"} {"metadata":{"emulator":{"name":"functions"},"function":{"name":"us-central1-api"},"extension":{},"message":"[runtime-status] [49312] Resolved module firebase-functions {\"declared\":true,\"installed\":true,\"version\":\"7.0.0\",\"resolution\":\"C:\\\\Users\\\\welli\\\\ecommerce-api\\\\functions\\\\node_modules\\\\firebase-functions\\\\lib\\\\v2\\\\index.js\"}"}}
[debug] [2025-11-18T21:05:02.786Z] [runtime-status] [49312] firebase-admin has been stubbed. {"adminResolution":{"declared":true,"installed":true,"version":"13.6.0","resolution":"C:\\Users\\welli\\ecommerce-api\\functions\\node_modules\\firebase-admin\\lib\\index.js"}} {"metadata":{"emulator":{"name":"functions"},"function":{"name":"us-central1-api"},"extension":{},"message":"[runtime-status] [49312] firebase-admin has been stubbed. {\"adminResolution\":{\"declared\":true,\"installed\":true,\"version\":\"13.6.0\",\"resolution\":\"C:\\\\Users\\\\welli\\\\ecommerce-api\\\\functions\\\\node_modules\\\\firebase-admin\\\\lib\\\\index.js\"}}"}}
[debug] [2025-11-18T21:05:03.703Z] [runtime-status] [49312] Functions runtime initialized. {"cwd":"C:\\Users\\welli\\ecommerce-api\\functions","node_version":"22.14.0"} {"metadata":{"emulator":{"name":"functions"},"function":{"name":"us-central1-api"},"extension":{},"message":"[runtime-status] [49312] Functions runtime initialized. {\"cwd\":\"C:\\\\Users\\\\welli\\\\ecommerce-api\\\\functions\",\"node_version\":\"22.14.0\"}"}}
[debug] [2025-11-18T21:05:03.704Z] [runtime-status] [49312] Listening to port: \\?\pipe\fire_emu_bd985b7625be85e2 {"metadata":{"emulator":{"name":"functions"},"function":{"name":"us-central1-api"},"extension":{},"message":"[runtime-status] [49312] Listening to port: \\\\?\\pipe\\fire_emu_bd985b7625be85e2"}}
[debug] [2025-11-18T21:05:03.727Z] [worker-us-central1-api-093f3aaf-64d2-4104-8f0f-fc342e9413b8]: IDLE {"metadata":{"emulator":{"name":"functions"},"function":{"name":"us-central1-api"},"extension":{},"message":"[worker-us-central1-api-093f3aaf-64d2-4104-8f0f-fc342e9413b8]: IDLE"}}
[debug] [2025-11-18T21:05:03.727Z] [worker-pool] submitRequest(triggerId=us-central1-api) {"metadata":{"emulator":{"name":"functions"},"message":"[worker-pool] submitRequest(triggerId=us-central1-api)"}}
[info] i  functions: Beginning execution of "us-central1-api" {"metadata":{"emulator":{"name":"functions"},"function":{"name":"us-central1-api"},"extension":{},"message":"Beginning execution of \"us-central1-api\""}}
[debug] [2025-11-18T21:05:03.728Z] [worker-us-central1-api-093f3aaf-64d2-4104-8f0f-fc342e9413b8]: BUSY {"metadata":{"emulator":{"name":"functions"},"function":{"name":"us-central1-api"},"extension":{},"message":"[worker-us-central1-api-093f3aaf-64d2-4104-8f0f-fc342e9413b8]: BUSY"}}
[warn] !  Google API requested!
   - URL: "https://oauth2.googleapis.com/token"
   - Be careful, this may be a production service. {"metadata":{"emulator":{"name":"functions"},"function":{"name":"us-central1-api"},"extension":{},"message":"Google API requested!\n   - URL: \"https://oauth2.googleapis.com/token\"\n   - Be careful, this may be a production service."}}
[info] +  functions: Loaded functions definitions from source: api. {"metadata":{"emulator":{"name":"functions"},"message":"Loaded functions definitions from source: api."}}
[debug] [2025-11-18T21:05:04.926Z] [worker-pool] Marking BUSY worker to finish (us-central1-api) {"metadata":{"emulator":{"name":"functions"},"message":"[worker-pool] Marking BUSY worker to finish (us-central1-api)"}}
[debug] [2025-11-18T21:05:04.927Z] [worker-us-central1-api-093f3aaf-64d2-4104-8f0f-fc342e9413b8]: FINISHING {"metadata":{"emulator":{"name":"functions"},"function":{"name":"us-central1-api"},"extension":{},"message":"[worker-us-central1-api-093f3aaf-64d2-4104-8f0f-fc342e9413b8]: FINISHING"}}
[info] >  Erro capturado: Página não encontrada! {"user":"Erro capturado: Página não encontrada!","metadata":{"emulator":{"name":"functions"},"function":{"name":"us-central1-api"},"extension":{},"message":"\u001b[90m> \u001b[39m Erro capturado: Página não encontrada!"}}
[debug] [2025-11-18T21:05:05.364Z] Finishing up request with event=pause {"metadata":{"emulator":{"name":"functions"},"function":{"name":"us-central1-api"},"extension":{},"message":"Finishing up request with event=pause"}}
[info] i  functions: Finished "us-central1-api" in 1636.2248ms {"metadata":{"emulator":{"name":"functions"},"function":{"name":"us-central1-api"},"extension":{},"message":"Finished \"us-central1-api\" in 1636.2248ms"}}
[debug] [2025-11-18T21:05:05.365Z] [worker-us-central1-api-093f3aaf-64d2-4104-8f0f-fc342e9413b8]: IDLE --> FINISHING {"metadata":{"emulator":{"name":"functions"},"function":{"name":"us-central1-api"},"extension":{},"message":"[worker-us-central1-api-093f3aaf-64d2-4104-8f0f-fc342e9413b8]: IDLE --> FINISHING"}}
[debug] [2025-11-18T21:05:05.365Z] Finishing up request with event=finish {"metadata":{"emulator":{"name":"functions"},"function":{"name":"us-central1-api"},"extension":{},"message":"Finishing up request with event=finish"}}
[debug] [2025-11-18T21:05:05.366Z] Finishing up request with event=close {"metadata":{"emulator":{"name":"functions"},"function":{"name":"us-central1-api"},"extension":{},"message":"Finishing up request with event=close"}}
[debug] [2025-11-18T21:05:05.366Z] [work-queue] {"queuedWork":[],"queueLength":0,"runningWork":[],"workRunningCount":0}
[debug] [2025-11-18T21:05:05.382Z] [worker-us-central1-api-093f3aaf-64d2-4104-8f0f-fc342e9413b8]: exited {"metadata":{"emulator":{"name":"functions"},"function":{"name":"us-central1-api"},"extension":{},"message":"[worker-us-central1-api-093f3aaf-64d2-4104-8f0f-fc342e9413b8]: exited"}}
[debug] [2025-11-18T21:05:05.382Z] [worker-us-central1-api-093f3aaf-64d2-4104-8f0f-fc342e9413b8]: FINISHED {"metadata":{"emulator":{"name":"functions"},"function":{"name":"us-central1-api"},"extension":{},"message":"[worker-us-central1-api-093f3aaf-64d2-4104-8f0f-fc342e9413b8]: FINISHED"}}
[debug] [2025-11-18T21:07:43.664Z] [work-queue] {"queuedWork":["/e-commerce-treinamento/us-central1/api/auth/login-2025-11-18T21:07:43.663Z"],"queueLength":1,"runningWork":[],"workRunningCount":0}
[debug] [2025-11-18T21:07:43.664Z] [work-queue] {"queuedWork":[],"queueLength":0,"runningWork":["/e-commerce-treinamento/us-central1/api/auth/login-2025-11-18T21:07:43.663Z"],"workRunningCount":1}
[debug] [2025-11-18T21:07:43.664Z] Accepted request POST /e-commerce-treinamento/us-central1/api/auth/login --> us-central1-api
[debug] [2025-11-18T21:07:43.668Z] [functions] Runtime ready! Sending request! {"metadata":{"emulator":{"name":"functions"},"message":"[functions] Runtime ready! Sending request!"}}
[debug] [2025-11-18T21:07:43.668Z] [functions] Got req.url=/e-commerce-treinamento/us-central1/api/auth/login, mapping to path=/auth/login {"metadata":{"emulator":{"name":"functions"},"message":"[functions] Got req.url=/e-commerce-treinamento/us-central1/api/auth/login, mapping to path=/auth/login"}}
[debug] [2025-11-18T21:07:43.668Z] [worker-pool] Cleaned up workers for us-central1-api: 1 --> 0 {"metadata":{"emulator":{"name":"functions"},"message":"[worker-pool] Cleaned up workers for us-central1-api: 1 --> 0"}}
[info] i  functions: Loaded environment variables from .env. 
[debug] [2025-11-18T21:07:43.683Z] [worker-pool] addWorker(us-central1-api) {"metadata":{"emulator":{"name":"functions"},"message":"[worker-pool] addWorker(us-central1-api)"}}
[debug] [2025-11-18T21:07:43.684Z] [worker-pool] Adding worker with key us-central1-api, total=1 {"metadata":{"emulator":{"name":"functions"},"message":"[worker-pool] Adding worker with key us-central1-api, total=1"}}
[debug] [2025-11-18T21:07:47.038Z] [runtime-status] [6064] Resolved module firebase-admin {"declared":true,"installed":true,"version":"13.6.0","resolution":"C:\\Users\\welli\\ecommerce-api\\functions\\node_modules\\firebase-admin\\lib\\index.js"} {"metadata":{"emulator":{"name":"functions"},"function":{"name":"us-central1-api"},"extension":{},"message":"[runtime-status] [6064] Resolved module firebase-admin {\"declared\":true,\"installed\":true,\"version\":\"13.6.0\",\"resolution\":\"C:\\\\Users\\\\welli\\\\ecommerce-api\\\\functions\\\\node_modules\\\\firebase-admin\\\\lib\\\\index.js\"}"}}
[debug] [2025-11-18T21:07:47.043Z] [runtime-status] [6064] Resolved module firebase-functions {"declared":true,"installed":true,"version":"7.0.0","resolution":"C:\\Users\\welli\\ecommerce-api\\functions\\node_modules\\firebase-functions\\lib\\v2\\index.js"} {"metadata":{"emulator":{"name":"functions"},"function":{"name":"us-central1-api"},"extension":{},"message":"[runtime-status] [6064] Resolved module firebase-functions {\"declared\":true,\"installed\":true,\"version\":\"7.0.0\",\"resolution\":\"C:\\\\Users\\\\welli\\\\ecommerce-api\\\\functions\\\\node_modules\\\\firebase-functions\\\\lib\\\\v2\\\\index.js\"}"}}
[debug] [2025-11-18T21:07:47.045Z] [runtime-status] [6064] Outgoing network have been stubbed. [{"name":"http","status":"mocked"},{"name":"http","status":"mocked"},{"name":"https","status":"mocked"},{"name":"https","status":"mocked"},{"name":"net","status":"mocked"}] {"metadata":{"emulator":{"name":"functions"},"function":{"name":"us-central1-api"},"extension":{},"message":"[runtime-status] [6064] Outgoing network have been stubbed. [{\"name\":\"http\",\"status\":\"mocked\"},{\"name\":\"http\",\"status\":\"mocked\"},{\"name\":\"https\",\"status\":\"mocked\"},{\"name\":\"https\",\"status\":\"mocked\"},{\"name\":\"net\",\"status\":\"mocked\"}]"}}
[debug] [2025-11-18T21:07:47.047Z] [runtime-status] [6064] Resolved module firebase-functions {"declared":true,"installed":true,"version":"7.0.0","resolution":"C:\\Users\\welli\\ecommerce-api\\functions\\node_modules\\firebase-functions\\lib\\v2\\index.js"} {"metadata":{"emulator":{"name":"functions"},"function":{"name":"us-central1-api"},"extension":{},"message":"[runtime-status] [6064] Resolved module firebase-functions {\"declared\":true,\"installed\":true,\"version\":\"7.0.0\",\"resolution\":\"C:\\\\Users\\\\welli\\\\ecommerce-api\\\\functions\\\\node_modules\\\\firebase-functions\\\\lib\\\\v2\\\\index.js\"}"}}
[debug] [2025-11-18T21:07:47.047Z] [runtime-status] [6064] Detected firebase-functions v7+, skipping config helper. {"metadata":{"emulator":{"name":"functions"},"function":{"name":"us-central1-api"},"extension":{},"message":"[runtime-status] [6064] Detected firebase-functions v7+, skipping config helper."}}
[debug] [2025-11-18T21:07:47.049Z] [runtime-status] [6064] Resolved module firebase-functions {"declared":true,"installed":true,"version":"7.0.0","resolution":"C:\\Users\\welli\\ecommerce-api\\functions\\node_modules\\firebase-functions\\lib\\v2\\index.js"} {"metadata":{"emulator":{"name":"functions"},"function":{"name":"us-central1-api"},"extension":{},"message":"[runtime-status] [6064] Resolved module firebase-functions {\"declared\":true,\"installed\":true,\"version\":\"7.0.0\",\"resolution\":\"C:\\\\Users\\\\welli\\\\ecommerce-api\\\\functions\\\\node_modules\\\\firebase-functions\\\\lib\\\\v2\\\\index.js\"}"}}
[debug] [2025-11-18T21:07:47.050Z] [runtime-status] [6064] Detected firebase-functions v7+, skipping legacy stubs. {"metadata":{"emulator":{"name":"functions"},"function":{"name":"us-central1-api"},"extension":{},"message":"[runtime-status] [6064] Detected firebase-functions v7+, skipping legacy stubs."}}
[debug] [2025-11-18T21:07:47.051Z] [runtime-status] [6064] Resolved module firebase-admin {"declared":true,"installed":true,"version":"13.6.0","resolution":"C:\\Users\\welli\\ecommerce-api\\functions\\node_modules\\firebase-admin\\lib\\index.js"} {"metadata":{"emulator":{"name":"functions"},"function":{"name":"us-central1-api"},"extension":{},"message":"[runtime-status] [6064] Resolved module firebase-admin {\"declared\":true,\"installed\":true,\"version\":\"13.6.0\",\"resolution\":\"C:\\\\Users\\\\welli\\\\ecommerce-api\\\\functions\\\\node_modules\\\\firebase-admin\\\\lib\\\\index.js\"}"}}
[debug] [2025-11-18T21:07:47.307Z] [runtime-status] [6064] Resolved module firebase-functions {"declared":true,"installed":true,"version":"7.0.0","resolution":"C:\\Users\\welli\\ecommerce-api\\functions\\node_modules\\firebase-functions\\lib\\v2\\index.js"} {"metadata":{"emulator":{"name":"functions"},"function":{"name":"us-central1-api"},"extension":{},"message":"[runtime-status] [6064] Resolved module firebase-functions {\"declared\":true,\"installed\":true,\"version\":\"7.0.0\",\"resolution\":\"C:\\\\Users\\\\welli\\\\ecommerce-api\\\\functions\\\\node_modules\\\\firebase-functions\\\\lib\\\\v2\\\\index.js\"}"}}
[debug] [2025-11-18T21:07:48.570Z] [runtime-status] [6064] firebase-admin has been stubbed. {"adminResolution":{"declared":true,"installed":true,"version":"13.6.0","resolution":"C:\\Users\\welli\\ecommerce-api\\functions\\node_modules\\firebase-admin\\lib\\index.js"}} {"metadata":{"emulator":{"name":"functions"},"function":{"name":"us-central1-api"},"extension":{},"message":"[runtime-status] [6064] firebase-admin has been stubbed. {\"adminResolution\":{\"declared\":true,\"installed\":true,\"version\":\"13.6.0\",\"resolution\":\"C:\\\\Users\\\\welli\\\\ecommerce-api\\\\functions\\\\node_modules\\\\firebase-admin\\\\lib\\\\index.js\"}}"}}
[debug] [2025-11-18T21:07:50.082Z] [runtime-status] [6064] Functions runtime initialized. {"cwd":"C:\\Users\\welli\\ecommerce-api\\functions","node_version":"22.14.0"} {"metadata":{"emulator":{"name":"functions"},"function":{"name":"us-central1-api"},"extension":{},"message":"[runtime-status] [6064] Functions runtime initialized. {\"cwd\":\"C:\\\\Users\\\\welli\\\\ecommerce-api\\\\functions\",\"node_version\":\"22.14.0\"}"}}
[debug] [2025-11-18T21:07:50.083Z] [runtime-status] [6064] Listening to port: \\?\pipe\fire_emu_3a343691a95e427f {"metadata":{"emulator":{"name":"functions"},"function":{"name":"us-central1-api"},"extension":{},"message":"[runtime-status] [6064] Listening to port: \\\\?\\pipe\\fire_emu_3a343691a95e427f"}}
[debug] [2025-11-18T21:07:50.185Z] [worker-us-central1-api-ef64a074-a345-4d56-908e-b7023a235421]: IDLE {"metadata":{"emulator":{"name":"functions"},"function":{"name":"us-central1-api"},"extension":{},"message":"[worker-us-central1-api-ef64a074-a345-4d56-908e-b7023a235421]: IDLE"}}
[debug] [2025-11-18T21:07:50.186Z] [worker-pool] submitRequest(triggerId=us-central1-api) {"metadata":{"emulator":{"name":"functions"},"message":"[worker-pool] submitRequest(triggerId=us-central1-api)"}}
[info] i  functions: Beginning execution of "us-central1-api" {"metadata":{"emulator":{"name":"functions"},"function":{"name":"us-central1-api"},"extension":{},"message":"Beginning execution of \"us-central1-api\""}}
[debug] [2025-11-18T21:07:50.187Z] [worker-us-central1-api-ef64a074-a345-4d56-908e-b7023a235421]: BUSY {"metadata":{"emulator":{"name":"functions"},"function":{"name":"us-central1-api"},"extension":{},"message":"[worker-us-central1-api-ef64a074-a345-4d56-908e-b7023a235421]: BUSY"}}
[debug] [2025-11-18T21:07:51.736Z] Finishing up request with event=pause {"metadata":{"emulator":{"name":"functions"},"function":{"name":"us-central1-api"},"extension":{},"message":"Finishing up request with event=pause"}}
[info] i  functions: Finished "us-central1-api" in 1549.4973ms {"metadata":{"emulator":{"name":"functions"},"function":{"name":"us-central1-api"},"extension":{},"message":"Finished \"us-central1-api\" in 1549.4973ms"}}
[debug] [2025-11-18T21:07:51.737Z] [worker-us-central1-api-ef64a074-a345-4d56-908e-b7023a235421]: IDLE {"metadata":{"emulator":{"name":"functions"},"function":{"name":"us-central1-api"},"extension":{},"message":"[worker-us-central1-api-ef64a074-a345-4d56-908e-b7023a235421]: IDLE"}}
[debug] [2025-11-18T21:07:51.737Z] Finishing up request with event=finish {"metadata":{"emulator":{"name":"functions"},"function":{"name":"us-central1-api"},"extension":{},"message":"Finishing up request with event=finish"}}
[debug] [2025-11-18T21:07:51.737Z] Finishing up request with event=close {"metadata":{"emulator":{"name":"functions"},"function":{"name":"us-central1-api"},"extension":{},"message":"Finishing up request with event=close"}}
[debug] [2025-11-18T21:07:51.737Z] [work-queue] {"queuedWork":[],"queueLength":0,"runningWork":[],"workRunningCount":0}
[debug] [2025-11-18T21:08:12.531Z] [work-queue] {"queuedWork":["/e-commerce-treinamento/us-central1/api/auth/login-2025-11-18T21:08:12.531Z"],"queueLength":1,"runningWork":[],"workRunningCount":0}
[debug] [2025-11-18T21:08:12.532Z] [work-queue] {"queuedWork":[],"queueLength":0,"runningWork":["/e-commerce-treinamento/us-central1/api/auth/login-2025-11-18T21:08:12.531Z"],"workRunningCount":1}
[debug] [2025-11-18T21:08:12.532Z] Accepted request POST /e-commerce-treinamento/us-central1/api/auth/login --> us-central1-api
[debug] [2025-11-18T21:08:12.536Z] [functions] Runtime ready! Sending request! {"metadata":{"emulator":{"name":"functions"},"message":"[functions] Runtime ready! Sending request!"}}
[debug] [2025-11-18T21:08:12.536Z] [functions] Got req.url=/e-commerce-treinamento/us-central1/api/auth/login, mapping to path=/auth/login {"metadata":{"emulator":{"name":"functions"},"message":"[functions] Got req.url=/e-commerce-treinamento/us-central1/api/auth/login, mapping to path=/auth/login"}}
[debug] [2025-11-18T21:08:12.536Z] [worker-pool] submitRequest(triggerId=us-central1-api) {"metadata":{"emulator":{"name":"functions"},"message":"[worker-pool] submitRequest(triggerId=us-central1-api)"}}
[info] i  functions: Beginning execution of "us-central1-api" {"metadata":{"emulator":{"name":"functions"},"function":{"name":"us-central1-api"},"extension":{},"message":"Beginning execution of \"us-central1-api\""}}
[debug] [2025-11-18T21:08:12.537Z] [worker-us-central1-api-ef64a074-a345-4d56-908e-b7023a235421]: BUSY {"metadata":{"emulator":{"name":"functions"},"function":{"name":"us-central1-api"},"extension":{},"message":"[worker-us-central1-api-ef64a074-a345-4d56-908e-b7023a235421]: BUSY"}}
[debug] [2025-11-18T21:08:13.587Z] Finishing up request with event=pause {"metadata":{"emulator":{"name":"functions"},"function":{"name":"us-central1-api"},"extension":{},"message":"Finishing up request with event=pause"}}
[info] i  functions: Finished "us-central1-api" in 1050.253ms {"metadata":{"emulator":{"name":"functions"},"function":{"name":"us-central1-api"},"extension":{},"message":"Finished \"us-central1-api\" in 1050.253ms"}}
[debug] [2025-11-18T21:08:13.588Z] [worker-us-central1-api-ef64a074-a345-4d56-908e-b7023a235421]: IDLE {"metadata":{"emulator":{"name":"functions"},"function":{"name":"us-central1-api"},"extension":{},"message":"[worker-us-central1-api-ef64a074-a345-4d56-908e-b7023a235421]: IDLE"}}
[debug] [2025-11-18T21:08:13.589Z] Finishing up request with event=finish {"metadata":{"emulator":{"name":"functions"},"function":{"name":"us-central1-api"},"extension":{},"message":"Finishing up request with event=finish"}}
[debug] [2025-11-18T21:08:13.589Z] Finishing up request with event=close {"metadata":{"emulator":{"name":"functions"},"function":{"name":"us-central1-api"},"extension":{},"message":"Finishing up request with event=close"}}
[debug] [2025-11-18T21:08:13.589Z] [work-queue] {"queuedWork":[],"queueLength":0,"runningWork":[],"workRunningCount":0}
[debug] [2025-11-18T21:08:16.013Z] [work-queue] {"queuedWork":["/e-commerce-treinamento/us-central1/api/auth/login-2025-11-18T21:08:16.013Z"],"queueLength":1,"runningWork":[],"workRunningCount":0}
[debug] [2025-11-18T21:08:16.013Z] [work-queue] {"queuedWork":[],"queueLength":0,"runningWork":["/e-commerce-treinamento/us-central1/api/auth/login-2025-11-18T21:08:16.013Z"],"workRunningCount":1}
[debug] [2025-11-18T21:08:16.013Z] Accepted request POST /e-commerce-treinamento/us-central1/api/auth/login --> us-central1-api
[debug] [2025-11-18T21:08:16.015Z] [functions] Runtime ready! Sending request! {"metadata":{"emulator":{"name":"functions"},"message":"[functions] Runtime ready! Sending request!"}}
[debug] [2025-11-18T21:08:16.015Z] [functions] Got req.url=/e-commerce-treinamento/us-central1/api/auth/login, mapping to path=/auth/login {"metadata":{"emulator":{"name":"functions"},"message":"[functions] Got req.url=/e-commerce-treinamento/us-central1/api/auth/login, mapping to path=/auth/login"}}
[debug] [2025-11-18T21:08:16.015Z] [worker-pool] submitRequest(triggerId=us-central1-api) {"metadata":{"emulator":{"name":"functions"},"message":"[worker-pool] submitRequest(triggerId=us-central1-api)"}}
[info] i  functions: Beginning execution of "us-central1-api" {"metadata":{"emulator":{"name":"functions"},"function":{"name":"us-central1-api"},"extension":{},"message":"Beginning execution of \"us-central1-api\""}}
[debug] [2025-11-18T21:08:16.016Z] [worker-us-central1-api-ef64a074-a345-4d56-908e-b7023a235421]: BUSY {"metadata":{"emulator":{"name":"functions"},"function":{"name":"us-central1-api"},"extension":{},"message":"[worker-us-central1-api-ef64a074-a345-4d56-908e-b7023a235421]: BUSY"}}
[debug] [2025-11-18T21:08:16.902Z] Finishing up request with event=pause {"metadata":{"emulator":{"name":"functions"},"function":{"name":"us-central1-api"},"extension":{},"message":"Finishing up request with event=pause"}}
[info] i  functions: Finished "us-central1-api" in 886.4638ms {"metadata":{"emulator":{"name":"functions"},"function":{"name":"us-central1-api"},"extension":{},"message":"Finished \"us-central1-api\" in 886.4638ms"}}
[debug] [2025-11-18T21:08:16.903Z] [worker-us-central1-api-ef64a074-a345-4d56-908e-b7023a235421]: IDLE {"metadata":{"emulator":{"name":"functions"},"function":{"name":"us-central1-api"},"extension":{},"message":"[worker-us-central1-api-ef64a074-a345-4d56-908e-b7023a235421]: IDLE"}}
[debug] [2025-11-18T21:08:16.903Z] Finishing up request with event=finish {"metadata":{"emulator":{"name":"functions"},"function":{"name":"us-central1-api"},"extension":{},"message":"Finishing up request with event=finish"}}
[debug] [2025-11-18T21:08:16.903Z] Finishing up request with event=close {"metadata":{"emulator":{"name":"functions"},"function":{"name":"us-central1-api"},"extension":{},"message":"Finishing up request with event=close"}}
[debug] [2025-11-18T21:08:16.903Z] [work-queue] {"queuedWork":[],"queueLength":0,"runningWork":[],"workRunningCount":0}
[debug] [2025-11-18T21:08:22.176Z] [work-queue] {"queuedWork":["/e-commerce-treinamento/us-central1/api/companies-2025-11-18T21:08:22.176Z"],"queueLength":1,"runningWork":[],"workRunningCount":0}
[debug] [2025-11-18T21:08:22.176Z] [work-queue] {"queuedWork":[],"queueLength":0,"runningWork":["/e-commerce-treinamento/us-central1/api/companies-2025-11-18T21:08:22.176Z"],"workRunningCount":1}
[debug] [2025-11-18T21:08:22.176Z] Accepted request GET /e-commerce-treinamento/us-central1/api/companies --> us-central1-api
[debug] [2025-11-18T21:08:22.181Z] [functions] Runtime ready! Sending request! {"metadata":{"emulator":{"name":"functions"},"message":"[functions] Runtime ready! Sending request!"}}
[debug] [2025-11-18T21:08:22.181Z] [functions] Got req.url=/e-commerce-treinamento/us-central1/api/companies, mapping to path=/companies {"metadata":{"emulator":{"name":"functions"},"message":"[functions] Got req.url=/e-commerce-treinamento/us-central1/api/companies, mapping to path=/companies"}}
[debug] [2025-11-18T21:08:22.181Z] [worker-pool] submitRequest(triggerId=us-central1-api) {"metadata":{"emulator":{"name":"functions"},"message":"[worker-pool] submitRequest(triggerId=us-central1-api)"}}
[info] i  functions: Beginning execution of "us-central1-api" {"metadata":{"emulator":{"name":"functions"},"function":{"name":"us-central1-api"},"extension":{},"message":"Beginning execution of \"us-central1-api\""}}
[debug] [2025-11-18T21:08:22.182Z] [worker-us-central1-api-ef64a074-a345-4d56-908e-b7023a235421]: BUSY {"metadata":{"emulator":{"name":"functions"},"function":{"name":"us-central1-api"},"extension":{},"message":"[worker-us-central1-api-ef64a074-a345-4d56-908e-b7023a235421]: BUSY"}}
[warn] !  Google API requested!
   - URL: "https://oauth2.googleapis.com/token"
   - Be careful, this may be a production service. {"metadata":{"emulator":{"name":"functions"},"function":{"name":"us-central1-api"},"extension":{},"message":"Google API requested!\n   - URL: \"https://oauth2.googleapis.com/token\"\n   - Be careful, this may be a production service."}}
[debug] [2025-11-18T21:08:23.934Z] Finishing up request with event=pause {"metadata":{"emulator":{"name":"functions"},"function":{"name":"us-central1-api"},"extension":{},"message":"Finishing up request with event=pause"}}
[info] i  functions: Finished "us-central1-api" in 1752.8237ms {"metadata":{"emulator":{"name":"functions"},"function":{"name":"us-central1-api"},"extension":{},"message":"Finished \"us-central1-api\" in 1752.8237ms"}}
[debug] [2025-11-18T21:08:23.936Z] [worker-us-central1-api-ef64a074-a345-4d56-908e-b7023a235421]: IDLE {"metadata":{"emulator":{"name":"functions"},"function":{"name":"us-central1-api"},"extension":{},"message":"[worker-us-central1-api-ef64a074-a345-4d56-908e-b7023a235421]: IDLE"}}
[debug] [2025-11-18T21:08:23.936Z] Finishing up request with event=finish {"metadata":{"emulator":{"name":"functions"},"function":{"name":"us-central1-api"},"extension":{},"message":"Finishing up request with event=finish"}}
[debug] [2025-11-18T21:08:23.936Z] Finishing up request with event=close {"metadata":{"emulator":{"name":"functions"},"function":{"name":"us-central1-api"},"extension":{},"message":"Finishing up request with event=close"}}
[debug] [2025-11-18T21:08:23.936Z] [work-queue] {"queuedWork":[],"queueLength":0,"runningWork":[],"workRunningCount":0}
[debug] [2025-11-18T21:08:28.401Z] [work-queue] {"queuedWork":["/e-commerce-treinamento/us-central1/api/categories-2025-11-18T21:08:28.401Z"],"queueLength":1,"runningWork":[],"workRunningCount":0}
[debug] [2025-11-18T21:08:28.401Z] [work-queue] {"queuedWork":[],"queueLength":0,"runningWork":["/e-commerce-treinamento/us-central1/api/categories-2025-11-18T21:08:28.401Z"],"workRunningCount":1}
[debug] [2025-11-18T21:08:28.401Z] Accepted request GET /e-commerce-treinamento/us-central1/api/categories --> us-central1-api
[debug] [2025-11-18T21:08:28.404Z] [functions] Runtime ready! Sending request! {"metadata":{"emulator":{"name":"functions"},"message":"[functions] Runtime ready! Sending request!"}}
[debug] [2025-11-18T21:08:28.408Z] [functions] Got req.url=/e-commerce-treinamento/us-central1/api/categories, mapping to path=/categories {"metadata":{"emulator":{"name":"functions"},"message":"[functions] Got req.url=/e-commerce-treinamento/us-central1/api/categories, mapping to path=/categories"}}
[debug] [2025-11-18T21:08:28.409Z] [worker-pool] submitRequest(triggerId=us-central1-api) {"metadata":{"emulator":{"name":"functions"},"message":"[worker-pool] submitRequest(triggerId=us-central1-api)"}}
[info] i  functions: Beginning execution of "us-central1-api" {"metadata":{"emulator":{"name":"functions"},"function":{"name":"us-central1-api"},"extension":{},"message":"Beginning execution of \"us-central1-api\""}}
[debug] [2025-11-18T21:08:28.410Z] [worker-us-central1-api-ef64a074-a345-4d56-908e-b7023a235421]: BUSY {"metadata":{"emulator":{"name":"functions"},"function":{"name":"us-central1-api"},"extension":{},"message":"[worker-us-central1-api-ef64a074-a345-4d56-908e-b7023a235421]: BUSY"}}
[debug] [2025-11-18T21:08:29.067Z] Finishing up request with event=pause {"metadata":{"emulator":{"name":"functions"},"function":{"name":"us-central1-api"},"extension":{},"message":"Finishing up request with event=pause"}}
[info] i  functions: Finished "us-central1-api" in 657.2701ms {"metadata":{"emulator":{"name":"functions"},"function":{"name":"us-central1-api"},"extension":{},"message":"Finished \"us-central1-api\" in 657.2701ms"}}
[debug] [2025-11-18T21:08:29.070Z] [worker-us-central1-api-ef64a074-a345-4d56-908e-b7023a235421]: IDLE {"metadata":{"emulator":{"name":"functions"},"function":{"name":"us-central1-api"},"extension":{},"message":"[worker-us-central1-api-ef64a074-a345-4d56-908e-b7023a235421]: IDLE"}}
[debug] [2025-11-18T21:08:29.070Z] Finishing up request with event=finish {"metadata":{"emulator":{"name":"functions"},"function":{"name":"us-central1-api"},"extension":{},"message":"Finishing up request with event=finish"}}
[debug] [2025-11-18T21:08:29.070Z] Finishing up request with event=close {"metadata":{"emulator":{"name":"functions"},"function":{"name":"us-central1-api"},"extension":{},"message":"Finishing up request with event=close"}}
[debug] [2025-11-18T21:08:29.070Z] [work-queue] {"queuedWork":[],"queueLength":0,"runningWork":[],"workRunningCount":0}
[debug] [2025-11-18T21:08:32.773Z] [work-queue] {"queuedWork":["/e-commerce-treinamento/us-central1/api/users-2025-11-18T21:08:32.773Z"],"queueLength":1,"runningWork":[],"workRunningCount":0}
[debug] [2025-11-18T21:08:32.773Z] [work-queue] {"queuedWork":[],"queueLength":0,"runningWork":["/e-commerce-treinamento/us-central1/api/users-2025-11-18T21:08:32.773Z"],"workRunningCount":1}
[debug] [2025-11-18T21:08:32.773Z] Accepted request GET /e-commerce-treinamento/us-central1/api/users --> us-central1-api
[debug] [2025-11-18T21:08:32.774Z] [functions] Runtime ready! Sending request! {"metadata":{"emulator":{"name":"functions"},"message":"[functions] Runtime ready! Sending request!"}}
[debug] [2025-11-18T21:08:32.774Z] [functions] Got req.url=/e-commerce-treinamento/us-central1/api/users, mapping to path=/users {"metadata":{"emulator":{"name":"functions"},"message":"[functions] Got req.url=/e-commerce-treinamento/us-central1/api/users, mapping to path=/users"}}
[debug] [2025-11-18T21:08:32.775Z] [worker-pool] submitRequest(triggerId=us-central1-api) {"metadata":{"emulator":{"name":"functions"},"message":"[worker-pool] submitRequest(triggerId=us-central1-api)"}}
[info] i  functions: Beginning execution of "us-central1-api" {"metadata":{"emulator":{"name":"functions"},"function":{"name":"us-central1-api"},"extension":{},"message":"Beginning execution of \"us-central1-api\""}}
[debug] [2025-11-18T21:08:32.775Z] [worker-us-central1-api-ef64a074-a345-4d56-908e-b7023a235421]: BUSY {"metadata":{"emulator":{"name":"functions"},"function":{"name":"us-central1-api"},"extension":{},"message":"[worker-us-central1-api-ef64a074-a345-4d56-908e-b7023a235421]: BUSY"}}
[debug] [2025-11-18T21:08:33.366Z] Finishing up request with event=pause {"metadata":{"emulator":{"name":"functions"},"function":{"name":"us-central1-api"},"extension":{},"message":"Finishing up request with event=pause"}}
[info] i  functions: Finished "us-central1-api" in 591.3747ms {"metadata":{"emulator":{"name":"functions"},"function":{"name":"us-central1-api"},"extension":{},"message":"Finished \"us-central1-api\" in 591.3747ms"}}
[debug] [2025-11-18T21:08:33.367Z] [worker-us-central1-api-ef64a074-a345-4d56-908e-b7023a235421]: IDLE {"metadata":{"emulator":{"name":"functions"},"function":{"name":"us-central1-api"},"extension":{},"message":"[worker-us-central1-api-ef64a074-a345-4d56-908e-b7023a235421]: IDLE"}}
[debug] [2025-11-18T21:08:33.367Z] Finishing up request with event=finish {"metadata":{"emulator":{"name":"functions"},"function":{"name":"us-central1-api"},"extension":{},"message":"Finishing up request with event=finish"}}
[debug] [2025-11-18T21:08:33.368Z] Finishing up request with event=close {"metadata":{"emulator":{"name":"functions"},"function":{"name":"us-central1-api"},"extension":{},"message":"Finishing up request with event=close"}}
[debug] [2025-11-18T21:08:33.368Z] [work-queue] {"queuedWork":[],"queueLength":0,"runningWork":[],"workRunningCount":0}
[debug] [2025-11-18T21:08:37.051Z] [work-queue] {"queuedWork":["/e-commerce-treinamento/us-central1/api/products-2025-11-18T21:08:37.051Z"],"queueLength":1,"runningWork":[],"workRunningCount":0}
[debug] [2025-11-18T21:08:37.052Z] [work-queue] {"queuedWork":[],"queueLength":0,"runningWork":["/e-commerce-treinamento/us-central1/api/products-2025-11-18T21:08:37.051Z"],"workRunningCount":1}
[debug] [2025-11-18T21:08:37.052Z] Accepted request GET /e-commerce-treinamento/us-central1/api/products --> us-central1-api
[debug] [2025-11-18T21:08:37.053Z] [functions] Runtime ready! Sending request! {"metadata":{"emulator":{"name":"functions"},"message":"[functions] Runtime ready! Sending request!"}}
[debug] [2025-11-18T21:08:37.053Z] [functions] Got req.url=/e-commerce-treinamento/us-central1/api/products, mapping to path=/products {"metadata":{"emulator":{"name":"functions"},"message":"[functions] Got req.url=/e-commerce-treinamento/us-central1/api/products, mapping to path=/products"}}
[debug] [2025-11-18T21:08:37.053Z] [worker-pool] submitRequest(triggerId=us-central1-api) {"metadata":{"emulator":{"name":"functions"},"message":"[worker-pool] submitRequest(triggerId=us-central1-api)"}}
[info] i  functions: Beginning execution of "us-central1-api" {"metadata":{"emulator":{"name":"functions"},"function":{"name":"us-central1-api"},"extension":{},"message":"Beginning execution of \"us-central1-api\""}}
[debug] [2025-11-18T21:08:37.054Z] [worker-us-central1-api-ef64a074-a345-4d56-908e-b7023a235421]: BUSY {"metadata":{"emulator":{"name":"functions"},"function":{"name":"us-central1-api"},"extension":{},"message":"[worker-us-central1-api-ef64a074-a345-4d56-908e-b7023a235421]: BUSY"}}
[debug] [2025-11-18T21:08:37.567Z] Finishing up request with event=pause {"metadata":{"emulator":{"name":"functions"},"function":{"name":"us-central1-api"},"extension":{},"message":"Finishing up request with event=pause"}}
[info] i  functions: Finished "us-central1-api" in 513.2637ms {"metadata":{"emulator":{"name":"functions"},"function":{"name":"us-central1-api"},"extension":{},"message":"Finished \"us-central1-api\" in 513.2637ms"}}
[debug] [2025-11-18T21:08:37.568Z] [worker-us-central1-api-ef64a074-a345-4d56-908e-b7023a235421]: IDLE {"metadata":{"emulator":{"name":"functions"},"function":{"name":"us-central1-api"},"extension":{},"message":"[worker-us-central1-api-ef64a074-a345-4d56-908e-b7023a235421]: IDLE"}}
[debug] [2025-11-18T21:08:37.568Z] Finishing up request with event=finish {"metadata":{"emulator":{"name":"functions"},"function":{"name":"us-central1-api"},"extension":{},"message":"Finishing up request with event=finish"}}
[debug] [2025-11-18T21:08:37.568Z] Finishing up request with event=close {"metadata":{"emulator":{"name":"functions"},"function":{"name":"us-central1-api"},"extension":{},"message":"Finishing up request with event=close"}}
[debug] [2025-11-18T21:08:37.568Z] [work-queue] {"queuedWork":[],"queueLength":0,"runningWork":[],"workRunningCount":0}
[debug] [2025-11-19T00:37:15.699Z] [worker-us-central1-api-ef64a074-a345-4d56-908e-b7023a235421]: exited {"metadata":{"emulator":{"name":"functions"},"function":{"name":"us-central1-api"},"extension":{},"message":"[worker-us-central1-api-ef64a074-a345-4d56-908e-b7023a235421]: exited"}}
[debug] [2025-11-19T00:37:15.767Z] [worker-us-central1-api-ef64a074-a345-4d56-908e-b7023a235421]: FINISHED {"metadata":{"emulator":{"name":"functions"},"function":{"name":"us-central1-api"},"extension":{},"message":"[worker-us-central1-api-ef64a074-a345-4d56-908e-b7023a235421]: FINISHED"}}
[debug] [2025-11-19T00:37:15.830Z] Received signal SIGHUP 1
[info]  
[info] i  emulators: Received SIGHUP for the first time. Starting a clean shutdown. 
[info] i  emulators: Please wait for a clean shutdown or send the SIGHUP signal again to stop right now. 
[info] i  emulators: Shutting down emulators. {"metadata":{"emulator":{"name":"hub"},"message":"Shutting down emulators."}}
[info] i  ui: Stopping Emulator UI {"metadata":{"emulator":{"name":"ui"},"message":"Stopping Emulator UI"}}
[info] i  functions: Stopping Functions Emulator {"metadata":{"emulator":{"name":"functions"},"message":"Stopping Functions Emulator"}}
[info] i  eventarc: Stopping Eventarc Emulator {"metadata":{"emulator":{"name":"eventarc"},"message":"Stopping Eventarc Emulator"}}
[info] i  tasks: Stopping Cloud Tasks Emulator {"metadata":{"emulator":{"name":"tasks"},"message":"Stopping Cloud Tasks Emulator"}}
[info] i  hub: Stopping emulator hub {"metadata":{"emulator":{"name":"hub"},"message":"Stopping emulator hub"}}
[debug] [2025-11-19T00:37:16.033Z] Emulator locator file path: C:\Users\welli\AppData\Local\Temp\hub-e-commerce-treinamento.json
[info] i  logging: Stopping Logging Emulator {"metadata":{"emulator":{"name":"logging"},"message":"Stopping Logging Emulator"}}
[debug] [2025-11-19T00:37:16.129Z] Could not find VSCode notification endpoint: FetchError: request to http://localhost:40001/vscode/notify failed, reason: . If you are not running the Firebase Data Connect VSCode extension, this is expected and not an issue.
